#
# A fatal error has been detected by the Java Runtime Environment:
#
#  EXCEPTION_ACCESS_VIOLATION (0xc0000005) at pc=0x000001a780a190a7, pid=41776, tid=30228
#
# JRE version: OpenJDK Runtime Environment JBR-11.0.9.1.11-1145.77-jcef (11.0.9.1+11) (build 11.0.9.1+11-b1145.77)
# Java VM: OpenJDK 64-Bit Server VM JBR-11.0.9.1.11-1145.77-jcef (11.0.9.1+11-b1145.77, mixed mode, tiered, compressed oops, g1 gc, windows-amd64)
# Problematic frame:
# J 2192 c1 java.io.ObjectInputStream.defaultReadFields(Ljava/lang/Object;Ljava/io/ObjectStreamClass;)Ljava/io/ObjectInputStream$FieldValues; java.base@11.0.9.1 (188 bytes) @ 0x000001a780a190a7 [0x000001a780a18fa0+0x0000000000000107]
#
# No core dump will be written. Minidumps are not enabled by default on client versions of Windows
#
# If you would like to submit a bug report, please visit:
#   https://bugreport.java.com/bugreport/crash.jsp
#

---------------  S U M M A R Y ------------

Command Line: -Djava.rmi.server.hostname=127.0.0.1 -Duser.timezone=UTC -Xmx2027m -Xms128m -Dfile.encoding=UTF-8 com.intellij.database.remote.RemoteJdbcServer com.mysql.cj.jdbc.Driver

Host: Intel(R) Core(TM) i5-10400 CPU @ 2.90GHz, 12 cores, 15G,  Windows 10 , 64 bit Build 18362 (10.0.18362.1500)
Time: Fri Oct  6 15:37:15 2023 ?D1¨²¡À¨º¡Á?¨º¡À?? elapsed time: 5400.528616 seconds (0d 1h 30m 0s)

---------------  T H R E A D  ---------------

Current thread (0x000001a791c21000):  JavaThread "RMI RenewClean-[127.0.0.1:53691]" daemon [_thread_in_Java, id=30228, stack(0x00000064a4e00000,0x00000064a4f00000)]

Stack: [0x00000064a4e00000,0x00000064a4f00000],  sp=0x00000064a4efd390,  free space=1012k
Native frames: (J=compiled Java code, j=interpreted, Vv=VM code, C=native code)
C  0x000001a780a190a7


siginfo: EXCEPTION_ACCESS_VIOLATION (0xc0000005), writing address 0x00000000894833ce


Register to memory mapping:

RIP=0x000001a780a190a7 is at entry_point+263 in (nmethod*)0x000001a780a18d10
RAX=0x0000000081589a90 is an oop: java.lang.Class 
{0x0000000081589a90} - klass: 'java/lang/Class'
RBX=0x0000000088f08c70 is an oop: java.io.ObjectStreamClass 
{0x0000000088f08c70} - klass: 'java/io/ObjectStreamClass'
RCX=0x000001a793f14e90 is pointing into metadata
RDX=0x00000000000001a8 is an unknown value
RSP=0x00000064a4efd390 is pointing into the stack for thread: 0x000001a791c21000
RBP=0x0000000100003258 is a pointer to class: 
java.lang.Exception {0x0000000100003260}
RSI=0x00000000000007be is an unknown value
RDI=0x000001a793f14e90 is pointing into metadata
R8 =0x0000000088f090a0 is an oop: java.rmi.dgc.Lease 
{0x0000000088f090a0} - klass: 'java/rmi/dgc/Lease'
R9 =0x0000000088f08c70 is an oop: java.io.ObjectStreamClass 
{0x0000000088f08c70} - klass: 'java/io/ObjectStreamClass'
R10=0x000001a7f4211000 points into unknown readable memory: 00 00 00 00 00 00 00 00
R11=0x0000000088f091a0 is an oop: [Ljava.io.ObjectStreamClass$ClassDataSlot; 
{0x0000000088f091a0} - klass: 'java/io/ObjectStreamClass$ClassDataSlot'[]
 - length: 1
R12=0x0 is NULL
R13=0x0000000000000001 is an unknown value
R14=0x000000000000149a is an unknown value
R15=0x000001a791c21000 is a thread


Registers:
RAX=0x0000000081589a90, RBX=0x0000000088f08c70, RCX=0x000001a793f14e90, RDX=0x00000000000001a8
RSP=0x00000064a4efd390, RBP=0x0000000100003258, RSI=0x00000000000007be, RDI=0x000001a793f14e90
R8 =0x0000000088f090a0, R9 =0x0000000088f08c70, R10=0x000001a7f4211000, R11=0x0000000088f091a0
R12=0x0000000000000000, R13=0x0000000000000001, R14=0x000000000000149a, R15=0x000001a791c21000
RIP=0x000001a780a190a7, EFLAGS=0x0000000000010206

Top of Stack: (sp=0x00000064a4efd390)
0x00000064a4efd390:   0000000088f090e0 0000000088f08d80
0x00000064a4efd3a0:   0000000088f08c70 0000000081602438
0x00000064a4efd3b0:   0000000088f090e0 0000000088f08d80
0x00000064a4efd3c0:   00000000818419e8 0000000081589a90
0x00000064a4efd3d0:   000001a791c21000 000001a791c21000
0x00000064a4efd3e0:   0000000088f090a0 0000000088f08c70
0x00000064a4efd3f0:   0000000088f082f8 0000000088f09150
0x00000064a4efd400:   0000000081602438 0000000081721150
0x00000064a4efd410:   0000000081602438 00000000818419e8
0x00000064a4efd420:   0000000081602438 00007ffc0000000d
0x00000064a4efd430:   0000000088f09070 00000000815b1af8
0x00000064a4efd440:   0000000100003258 000001a780a5e624
0x00000064a4efd450:   0000000088f08c70 000001a791c21000
0x00000064a4efd460:   0000000100003258 000001a780a62df4
0x00000064a4efd470:   00000064a4efdcb8 00000064a4efd4f0
0x00000064a4efd480:   000001a791777af0 00007ffcec640b91 

Instructions: (pc=0x000001a780a190a7)
0x000001a780a18fa7:   03 4c 3b d0 0f 85 cf c7 60 ff 66 66 66 0f 1f 84
0x000001a780a18fb7:   00 00 00 00 00 66 66 66 90 89 84 24 00 90 ff ff
0x000001a780a18fc7:   55 48 81 ec b0 00 00 00 48 89 54 24 60 4c 89 4c
0x000001a780a18fd7:   24 58 48 be 90 4e f1 93 a7 01 00 00 8b be 04 01
0x000001a780a18fe7:   00 00 83 c7 08 89 be 04 01 00 00 81 e7 f8 1f 00
0x000001a780a18ff7:   00 83 ff 00 0f 84 48 09 00 00 4c 89 44 24 50 49
0x000001a780a19007:   3b 01 49 8b f1 48 bf 90 4e f1 93 a7 01 00 00 49
0x000001a780a19017:   ba 20 84 10 00 01 00 00 00 4c 89 97 50 01 00 00
0x000001a780a19027:   48 83 87 58 01 00 00 01 49 8b d1 0f 1f 44 00 00
0x000001a780a19037:   e8 04 75 19 07 48 83 f8 00 48 b9 90 4e f1 93 a7
0x000001a780a19047:   01 00 00 48 ba 78 01 00 00 00 00 00 00 0f 84 0a
0x000001a780a19057:   00 00 00 48 ba 88 01 00 00 00 00 00 00 48 8b 34
0x000001a780a19067:   11 48 8d 76 01 48 89 34 11 0f 84 a3 00 00 00 4c
0x000001a780a19077:   8b 44 24 50 49 83 f8 00 48 b9 90 4e f1 93 a7 01
0x000001a780a19087:   00 00 48 ba 98 01 00 00 00 00 00 00 0f 84 0a 00
0x000001a780a19097:   00 00 48 ba a8 01 00 00 00 00 00 00 48 8b 34 11
0x000001a780a190a7:   08 8d 76 01 48 89 34 11 0e 84 64 00 00 00 48 3b
0x000001a780a190b7:   00 48 8b c8 48 ba 90 4e d0 93 a7 01 00 00 48 83
0x000001a780a190c7:   82 b8 01 00 00 01 48 8b d9 49 8b d0 49 ba a0 9b
0x000001a780a190d7:   00 ec fc 7f 00 00 41 ff 10 83 f8 00 48 bb 90 4e
0x000001a780a190e7:   01 93 a7 01 00 00 48 ba 00 02 00 00 00 00 00 00
0x000001a780a190f7:   0e 84 0a 00 00 00 48 ba 40 01 00 00 00 00 00 00
0x000001a780a19107:   48 8b 34 13 48 8d 76 01 48 89 34 13 0f 84 a5 07
0x000001a780a19117:   00 00 4c 8b 4c 24 58 49 8b d9 48 ba 90 4e f1 93
0x000001a780a19127:   a7 01 00 00 49 ba 20 84 10 00 01 00 00 00 4c 89
0x000001a780a19137:   92 30 02 00 00 48 83 82 38 02 00 00 01 45 8b 59
0x000001a780a19147:   0c 41 83 fb 00 48 bb 90 4e f1 93 a7 01 00 00 48
0x000001a780a19157:   ba 68 02 00 00 00 00 00 00 0f 8f 0a 00 00 00 48
0x000001a780a19167:   ba 58 02 00 00 00 00 00 00 48 8b 34 13 48 8d 76
0x000001a780a19177:   01 48 89 34 13 0f 8f 0f 00 00 00 49 bb 00 00 00
0x000001a780a19187:   00 00 00 00 00 e9 ed 00 00 00 48 8b 54 24 60 49
0x000001a780a19197:   8b db 4c 8b ea 48 ba 20 08 00 00 01 00 00 00 48 


Stack slot to memory mapping:
stack at sp + 0 slots: 0x0000000088f090e0 is an oop: java.util.HashMap 
{0x0000000088f090e0} - klass: 'java/util/HashMap'
stack at sp + 1 slots: 0x0000000088f08d80 is an oop: java.lang.String 
{0x0000000088f08d80} - klass: 'java/lang/String'
stack at sp + 2 slots: 0x0000000088f08c70 is an oop: java.io.ObjectStreamClass 
{0x0000000088f08c70} - klass: 'java/io/ObjectStreamClass'
stack at sp + 3 slots: 0x0000000081602438 is an oop: java.lang.Class 
{0x0000000081602438} - klass: 'java/lang/Class'
stack at sp + 4 slots: 0x0000000088f090e0 is an oop: java.util.HashMap 
{0x0000000088f090e0} - klass: 'java/util/HashMap'
stack at sp + 5 slots: 0x0000000088f08d80 is an oop: java.lang.String 
{0x0000000088f08d80} - klass: 'java/lang/String'
stack at sp + 6 slots: 0x00000000818419e8 is an oop: java.lang.String 
{0x00000000818419e8} - klass: 'java/lang/String'
stack at sp + 7 slots: 0x0000000081589a90 is an oop: java.lang.Class 
{0x0000000081589a90} - klass: 'java/lang/Class'



---------------  P R O C E S S  ---------------

Threads class SMR info:
_java_thread_list=0x000001a7919e8ef0, length=17, elements={
0x000001a7f60b0000, 0x000001a7ffa35800, 0x000001a7ffa2c000, 0x000001a7ffa9a000,
0x000001a7ffa9b800, 0x000001a7ffa9c800, 0x000001a7ffaa1000, 0x000001a7ffaa4000,
0x000001a7ffc30000, 0x000001a7ffc3e800, 0x000001a7ffd19800, 0x000001a79195d800,
0x000001a791932800, 0x000001a791933800, 0x000001a791936000, 0x000001a791e2c800,
0x000001a791c21000
}

Java Threads: ( => current thread )
  0x000001a7f60b0000 JavaThread "main" [_thread_blocked, id=27752, stack(0x00000064a3300000,0x00000064a3400000)]
  0x000001a7ffa35800 JavaThread "Reference Handler" daemon [_thread_blocked, id=44304, stack(0x00000064a3a00000,0x00000064a3b00000)]
  0x000001a7ffa2c000 JavaThread "Finalizer" daemon [_thread_blocked, id=44500, stack(0x00000064a3b00000,0x00000064a3c00000)]
  0x000001a7ffa9a000 JavaThread "Signal Dispatcher" daemon [_thread_blocked, id=34456, stack(0x00000064a3c00000,0x00000064a3d00000)]
  0x000001a7ffa9b800 JavaThread "Attach Listener" daemon [_thread_blocked, id=23064, stack(0x00000064a3d00000,0x00000064a3e00000)]
  0x000001a7ffa9c800 JavaThread "C2 CompilerThread0" daemon [_thread_blocked, id=34968, stack(0x00000064a3e00000,0x00000064a3f00000)]
  0x000001a7ffaa1000 JavaThread "C1 CompilerThread0" daemon [_thread_blocked, id=23084, stack(0x00000064a3f00000,0x00000064a4000000)]
  0x000001a7ffaa4000 JavaThread "Sweeper thread" daemon [_thread_blocked, id=40792, stack(0x00000064a4000000,0x00000064a4100000)]
  0x000001a7ffc30000 JavaThread "Service Thread" daemon [_thread_blocked, id=21852, stack(0x00000064a4100000,0x00000064a4200000)]
  0x000001a7ffc3e800 JavaThread "Common-Cleaner" daemon [_thread_blocked, id=29380, stack(0x00000064a4300000,0x00000064a4400000)]
  0x000001a7ffd19800 JavaThread "mysql-cj-abandoned-connection-cleanup" daemon [_thread_blocked, id=31000, stack(0x00000064a4400000,0x00000064a4500000)]
  0x000001a79195d800 JavaThread "RMI TCP Accept-32625" daemon [_thread_in_native, id=30124, stack(0x00000064a4600000,0x00000064a4700000)]
  0x000001a791932800 JavaThread "RMI TCP Accept-0" daemon [_thread_in_native, id=40912, stack(0x00000064a4700000,0x00000064a4800000)]
  0x000001a791933800 JavaThread "RMI Reaper" [_thread_blocked, id=37076, stack(0x00000064a4800000,0x00000064a4900000)]
  0x000001a791936000 JavaThread "RMI GC Daemon" daemon [_thread_blocked, id=42532, stack(0x00000064a4900000,0x00000064a4a00000)]
  0x000001a791e2c800 JavaThread "RMI Scheduler(0)" daemon [_thread_blocked, id=38412, stack(0x00000064a4c00000,0x00000064a4d00000)]
=>0x000001a791c21000 JavaThread "RMI RenewClean-[127.0.0.1:53691]" daemon [_thread_in_Java, id=30228, stack(0x00000064a4e00000,0x00000064a4f00000)]

Other Threads:
  0x000001a7ffa40800 VMThread "VM Thread" [stack: 0x00000064a3900000,0x00000064a3a00000] [id=34140]
  0x000001a7ffc31800 WatcherThread [stack: 0x00000064a4200000,0x00000064a4300000] [id=43868]
  0x000001a7f60c5000 GCTaskThread "GC Thread#0" [stack: 0x00000064a3400000,0x00000064a3500000] [id=26724]
  0x000001a7ffb5a800 GCTaskThread "GC Thread#1" [stack: 0x00000064a4f00000,0x00000064a5000000] [id=29492]
  0x000001a7ffb58800 GCTaskThread "GC Thread#2" [stack: 0x00000064a5000000,0x00000064a5100000] [id=41992]
  0x000001a7ffb5b800 GCTaskThread "GC Thread#3" [stack: 0x00000064a5100000,0x00000064a5200000] [id=36176]
  0x000001a7f60f6800 ConcurrentGCThread "G1 Main Marker" [stack: 0x00000064a3500000,0x00000064a3600000] [id=24960]
  0x000001a7f60f9000 ConcurrentGCThread "G1 Conc#0" [stack: 0x00000064a3600000,0x00000064a3700000] [id=26840]
  0x000001a7ffb5e800 ConcurrentGCThread "G1 Conc#1" [stack: 0x00000064a4500000,0x00000064a4600000] [id=31460]
  0x000001a7ffb5f800 ConcurrentGCThread "G1 Conc#2" [stack: 0x00000064a5200000,0x00000064a5300000] [id=30624]
  0x000001a7ff869800 ConcurrentGCThread "G1 Refine#0" [stack: 0x00000064a3700000,0x00000064a3800000] [id=31956]
  0x000001a7ff86a800 ConcurrentGCThread "G1 Young RemSet Sampling" [stack: 0x00000064a3800000,0x00000064a3900000] [id=35680]

Threads with active compile tasks:

VM state:not at safepoint (normal execution)

VM Mutex/Monitor currently owned by a thread: None

Heap address: 0x0000000081400000, size: 2028 MB, Compressed Oops mode: 32-bit
Narrow klass base: 0x0000000000000000, Narrow klass shift: 3
Compressed class space size: 1073741824 Address: 0x0000000100000000

Heap:
 garbage-first heap   total 131072K, used 11339K [0x0000000081400000, 0x0000000100000000)
  region size 1024K, 5 young (5120K), 0 survivors (0K)
 Metaspace       used 22305K, capacity 22891K, committed 23216K, reserved 1071104K
  class space    used 2242K, capacity 2442K, committed 2560K, reserved 1048576K
Heap Regions: E=young(eden), S=young(survivor), O=old, HS=humongous(starts), HC=humongous(continues), CS=collection set, F=free, A=archive, TAMS=top-at-mark-start (previous, next)
|   0|0x0000000081400000, 0x0000000081500000, 0x0000000081500000|100%| O|  |TAMS 0x0000000081400000, 0x0000000081400000| Untracked 
|   1|0x0000000081500000, 0x00000000815fffe8, 0x0000000081600000| 99%| O|  |TAMS 0x0000000081500000, 0x0000000081500000| Untracked 
|   2|0x0000000081600000, 0x00000000816ffff0, 0x0000000081700000| 99%| O|  |TAMS 0x0000000081600000, 0x0000000081600000| Untracked 
|   3|0x0000000081700000, 0x00000000817ffff8, 0x0000000081800000| 99%| O|  |TAMS 0x0000000081700000, 0x0000000081700000| Untracked 
|   4|0x0000000081800000, 0x00000000818fffd8, 0x0000000081900000| 99%| O|  |TAMS 0x0000000081800000, 0x0000000081800000| Untracked 
|   5|0x0000000081900000, 0x00000000819ffff8, 0x0000000081a00000| 99%| O|  |TAMS 0x0000000081900000, 0x0000000081900000| Untracked 
|   6|0x0000000081a00000, 0x0000000081a2be50, 0x0000000081b00000| 17%| O|  |TAMS 0x0000000081a00000, 0x0000000081a00000| Untracked 
|   7|0x0000000081b00000, 0x0000000081b00000, 0x0000000081c00000|  0%| F|  |TAMS 0x0000000081b00000, 0x0000000081b00000| Untracked 
|   8|0x0000000081c00000, 0x0000000081c00000, 0x0000000081d00000|  0%| F|  |TAMS 0x0000000081c00000, 0x0000000081c00000| Untracked 
|   9|0x0000000081d00000, 0x0000000081d00000, 0x0000000081e00000|  0%| F|  |TAMS 0x0000000081d00000, 0x0000000081d00000| Untracked 
|  10|0x0000000081e00000, 0x0000000081e00000, 0x0000000081f00000|  0%| F|  |TAMS 0x0000000081e00000, 0x0000000081e00000| Untracked 
|  11|0x0000000081f00000, 0x0000000081f00000, 0x0000000082000000|  0%| F|  |TAMS 0x0000000081f00000, 0x0000000081f00000| Untracked 
|  12|0x0000000082000000, 0x0000000082000000, 0x0000000082100000|  0%| F|  |TAMS 0x0000000082000000, 0x0000000082000000| Untracked 
|  13|0x0000000082100000, 0x0000000082100000, 0x0000000082200000|  0%| F|  |TAMS 0x0000000082100000, 0x0000000082100000| Untracked 
|  14|0x0000000082200000, 0x0000000082200000, 0x0000000082300000|  0%| F|  |TAMS 0x0000000082200000, 0x0000000082200000| Untracked 
|  15|0x0000000082300000, 0x0000000082300000, 0x0000000082400000|  0%| F|  |TAMS 0x0000000082300000, 0x0000000082300000| Untracked 
|  16|0x0000000082400000, 0x0000000082400000, 0x0000000082500000|  0%| F|  |TAMS 0x0000000082400000, 0x0000000082400000| Untracked 
|  17|0x0000000082500000, 0x0000000082500000, 0x0000000082600000|  0%| F|  |TAMS 0x0000000082500000, 0x0000000082500000| Untracked 
|  18|0x0000000082600000, 0x0000000082600000, 0x0000000082700000|  0%| F|  |TAMS 0x0000000082600000, 0x0000000082600000| Untracked 
|  19|0x0000000082700000, 0x0000000082700000, 0x0000000082800000|  0%| F|  |TAMS 0x0000000082700000, 0x0000000082700000| Untracked 
|  20|0x0000000082800000, 0x0000000082800000, 0x0000000082900000|  0%| F|  |TAMS 0x0000000082800000, 0x0000000082800000| Untracked 
|  21|0x0000000082900000, 0x0000000082900000, 0x0000000082a00000|  0%| F|  |TAMS 0x0000000082900000, 0x0000000082900000| Untracked 
|  22|0x0000000082a00000, 0x0000000082a00000, 0x0000000082b00000|  0%| F|  |TAMS 0x0000000082a00000, 0x0000000082a00000| Untracked 
|  23|0x0000000082b00000, 0x0000000082b00000, 0x0000000082c00000|  0%| F|  |TAMS 0x0000000082b00000, 0x0000000082b00000| Untracked 
|  24|0x0000000082c00000, 0x0000000082c75780, 0x0000000082d00000| 45%| O|  |TAMS 0x0000000082c00000, 0x0000000082c00000| Untracked 
|  25|0x0000000082d00000, 0x0000000082d00000, 0x0000000082e00000|  0%| F|  |TAMS 0x0000000082d00000, 0x0000000082d00000| Untracked 
|  26|0x0000000082e00000, 0x0000000082e00000, 0x0000000082f00000|  0%| F|  |TAMS 0x0000000082e00000, 0x0000000082e00000| Untracked 
|  27|0x0000000082f00000, 0x0000000082f00000, 0x0000000083000000|  0%| F|  |TAMS 0x0000000082f00000, 0x0000000082f00000| Untracked 
|  28|0x0000000083000000, 0x0000000083000000, 0x0000000083100000|  0%| F|  |TAMS 0x0000000083000000, 0x0000000083000000| Untracked 
|  29|0x0000000083100000, 0x0000000083100000, 0x0000000083200000|  0%| F|  |TAMS 0x0000000083100000, 0x0000000083100000| Untracked 
|  30|0x0000000083200000, 0x0000000083200000, 0x0000000083300000|  0%| F|  |TAMS 0x0000000083200000, 0x0000000083200000| Untracked 
|  31|0x0000000083300000, 0x0000000083300000, 0x0000000083400000|  0%| F|  |TAMS 0x0000000083300000, 0x0000000083300000| Untracked 
|  32|0x0000000083400000, 0x0000000083400000, 0x0000000083500000|  0%| F|  |TAMS 0x0000000083400000, 0x0000000083400000| Untracked 
|  33|0x0000000083500000, 0x0000000083500000, 0x0000000083600000|  0%| F|  |TAMS 0x0000000083500000, 0x0000000083500000| Untracked 
|  34|0x0000000083600000, 0x0000000083600000, 0x0000000083700000|  0%| F|  |TAMS 0x0000000083600000, 0x0000000083600000| Untracked 
|  35|0x0000000083700000, 0x0000000083700000, 0x0000000083800000|  0%| F|  |TAMS 0x0000000083700000, 0x0000000083700000| Untracked 
|  36|0x0000000083800000, 0x0000000083800000, 0x0000000083900000|  0%| F|  |TAMS 0x0000000083800000, 0x0000000083800000| Untracked 
|  37|0x0000000083900000, 0x0000000083900000, 0x0000000083a00000|  0%| F|  |TAMS 0x0000000083900000, 0x0000000083900000| Untracked 
|  38|0x0000000083a00000, 0x0000000083a00000, 0x0000000083b00000|  0%| F|  |TAMS 0x0000000083a00000, 0x0000000083a00000| Untracked 
|  39|0x0000000083b00000, 0x0000000083b00000, 0x0000000083c00000|  0%| F|  |TAMS 0x0000000083b00000, 0x0000000083b00000| Untracked 
|  40|0x0000000083c00000, 0x0000000083c00000, 0x0000000083d00000|  0%| F|  |TAMS 0x0000000083c00000, 0x0000000083c00000| Untracked 
|  41|0x0000000083d00000, 0x0000000083d00000, 0x0000000083e00000|  0%| F|  |TAMS 0x0000000083d00000, 0x0000000083d00000| Untracked 
|  42|0x0000000083e00000, 0x0000000083e00000, 0x0000000083f00000|  0%| F|  |TAMS 0x0000000083e00000, 0x0000000083e00000| Untracked 
|  43|0x0000000083f00000, 0x0000000083f00000, 0x0000000084000000|  0%| F|  |TAMS 0x0000000083f00000, 0x0000000083f00000| Untracked 
|  44|0x0000000084000000, 0x0000000084000000, 0x0000000084100000|  0%| F|  |TAMS 0x0000000084000000, 0x0000000084000000| Untracked 
|  45|0x0000000084100000, 0x0000000084100000, 0x0000000084200000|  0%| F|  |TAMS 0x0000000084100000, 0x0000000084100000| Untracked 
|  46|0x0000000084200000, 0x0000000084200000, 0x0000000084300000|  0%| F|  |TAMS 0x0000000084200000, 0x0000000084200000| Untracked 
|  47|0x0000000084300000, 0x0000000084300000, 0x0000000084400000|  0%| F|  |TAMS 0x0000000084300000, 0x0000000084300000| Untracked 
|  48|0x0000000084400000, 0x0000000084400000, 0x0000000084500000|  0%| F|  |TAMS 0x0000000084400000, 0x0000000084400000| Untracked 
|  49|0x0000000084500000, 0x0000000084500000, 0x0000000084600000|  0%| F|  |TAMS 0x0000000084500000, 0x0000000084500000| Untracked 
|  50|0x0000000084600000, 0x0000000084600000, 0x0000000084700000|  0%| F|  |TAMS 0x0000000084600000, 0x0000000084600000| Untracked 
|  51|0x0000000084700000, 0x0000000084700000, 0x0000000084800000|  0%| F|  |TAMS 0x0000000084700000, 0x0000000084700000| Untracked 
|  52|0x0000000084800000, 0x0000000084800000, 0x0000000084900000|  0%| F|  |TAMS 0x0000000084800000, 0x0000000084800000| Untracked 
|  53|0x0000000084900000, 0x0000000084900000, 0x0000000084a00000|  0%| F|  |TAMS 0x0000000084900000, 0x0000000084900000| Untracked 
|  54|0x0000000084a00000, 0x0000000084a00000, 0x0000000084b00000|  0%| F|  |TAMS 0x0000000084a00000, 0x0000000084a00000| Untracked 
|  55|0x0000000084b00000, 0x0000000084b00000, 0x0000000084c00000|  0%| F|  |TAMS 0x0000000084b00000, 0x0000000084b00000| Untracked 
|  56|0x0000000084c00000, 0x0000000084c00000, 0x0000000084d00000|  0%| F|  |TAMS 0x0000000084c00000, 0x0000000084c00000| Untracked 
|  57|0x0000000084d00000, 0x0000000084d00000, 0x0000000084e00000|  0%| F|  |TAMS 0x0000000084d00000, 0x0000000084d00000| Untracked 
|  58|0x0000000084e00000, 0x0000000084e00000, 0x0000000084f00000|  0%| F|  |TAMS 0x0000000084e00000, 0x0000000084e00000| Untracked 
|  59|0x0000000084f00000, 0x0000000084f00000, 0x0000000085000000|  0%| F|  |TAMS 0x0000000084f00000, 0x0000000084f00000| Untracked 
|  60|0x0000000085000000, 0x0000000085000000, 0x0000000085100000|  0%| F|  |TAMS 0x0000000085000000, 0x0000000085000000| Untracked 
|  61|0x0000000085100000, 0x0000000085100000, 0x0000000085200000|  0%| F|  |TAMS 0x0000000085100000, 0x0000000085100000| Untracked 
|  62|0x0000000085200000, 0x0000000085200000, 0x0000000085300000|  0%| F|  |TAMS 0x0000000085200000, 0x0000000085200000| Untracked 
|  63|0x0000000085300000, 0x0000000085300000, 0x0000000085400000|  0%| F|  |TAMS 0x0000000085300000, 0x0000000085300000| Untracked 
|  64|0x0000000085400000, 0x0000000085400000, 0x0000000085500000|  0%| F|  |TAMS 0x0000000085400000, 0x0000000085400000| Untracked 
|  65|0x0000000085500000, 0x0000000085500000, 0x0000000085600000|  0%| F|  |TAMS 0x0000000085500000, 0x0000000085500000| Untracked 
|  66|0x0000000085600000, 0x0000000085600000, 0x0000000085700000|  0%| F|  |TAMS 0x0000000085600000, 0x0000000085600000| Untracked 
|  67|0x0000000085700000, 0x0000000085700000, 0x0000000085800000|  0%| F|  |TAMS 0x0000000085700000, 0x0000000085700000| Untracked 
|  68|0x0000000085800000, 0x0000000085800000, 0x0000000085900000|  0%| F|  |TAMS 0x0000000085800000, 0x0000000085800000| Untracked 
|  69|0x0000000085900000, 0x0000000085900000, 0x0000000085a00000|  0%| F|  |TAMS 0x0000000085900000, 0x0000000085900000| Untracked 
|  70|0x0000000085a00000, 0x0000000085a00000, 0x0000000085b00000|  0%| F|  |TAMS 0x0000000085a00000, 0x0000000085a00000| Untracked 
|  71|0x0000000085b00000, 0x0000000085b00000, 0x0000000085c00000|  0%| F|  |TAMS 0x0000000085b00000, 0x0000000085b00000| Untracked 
|  72|0x0000000085c00000, 0x0000000085c00000, 0x0000000085d00000|  0%| F|  |TAMS 0x0000000085c00000, 0x0000000085c00000| Untracked 
|  73|0x0000000085d00000, 0x0000000085d00000, 0x0000000085e00000|  0%| F|  |TAMS 0x0000000085d00000, 0x0000000085d00000| Untracked 
|  74|0x0000000085e00000, 0x0000000085e00000, 0x0000000085f00000|  0%| F|  |TAMS 0x0000000085e00000, 0x0000000085e00000| Untracked 
|  75|0x0000000085f00000, 0x0000000085f00000, 0x0000000086000000|  0%| F|  |TAMS 0x0000000085f00000, 0x0000000085f00000| Untracked 
|  76|0x0000000086000000, 0x0000000086000000, 0x0000000086100000|  0%| F|  |TAMS 0x0000000086000000, 0x0000000086000000| Untracked 
|  77|0x0000000086100000, 0x0000000086100000, 0x0000000086200000|  0%| F|  |TAMS 0x0000000086100000, 0x0000000086100000| Untracked 
|  78|0x0000000086200000, 0x0000000086200000, 0x0000000086300000|  0%| F|  |TAMS 0x0000000086200000, 0x0000000086200000| Untracked 
|  79|0x0000000086300000, 0x0000000086300000, 0x0000000086400000|  0%| F|  |TAMS 0x0000000086300000, 0x0000000086300000| Untracked 
|  80|0x0000000086400000, 0x0000000086400000, 0x0000000086500000|  0%| F|  |TAMS 0x0000000086400000, 0x0000000086400000| Untracked 
|  81|0x0000000086500000, 0x0000000086500000, 0x0000000086600000|  0%| F|  |TAMS 0x0000000086500000, 0x0000000086500000| Untracked 
|  82|0x0000000086600000, 0x0000000086600000, 0x0000000086700000|  0%| F|  |TAMS 0x0000000086600000, 0x0000000086600000| Untracked 
|  83|0x0000000086700000, 0x0000000086700000, 0x0000000086800000|  0%| F|  |TAMS 0x0000000086700000, 0x0000000086700000| Untracked 
|  84|0x0000000086800000, 0x0000000086800000, 0x0000000086900000|  0%| F|  |TAMS 0x0000000086800000, 0x0000000086800000| Untracked 
|  85|0x0000000086900000, 0x0000000086900000, 0x0000000086a00000|  0%| F|  |TAMS 0x0000000086900000, 0x0000000086900000| Untracked 
|  86|0x0000000086a00000, 0x0000000086a00000, 0x0000000086b00000|  0%| F|  |TAMS 0x0000000086a00000, 0x0000000086a00000| Untracked 
|  87|0x0000000086b00000, 0x0000000086b00000, 0x0000000086c00000|  0%| F|  |TAMS 0x0000000086b00000, 0x0000000086b00000| Untracked 
|  88|0x0000000086c00000, 0x0000000086c00000, 0x0000000086d00000|  0%| F|  |TAMS 0x0000000086c00000, 0x0000000086c00000| Untracked 
|  89|0x0000000086d00000, 0x0000000086d00000, 0x0000000086e00000|  0%| F|  |TAMS 0x0000000086d00000, 0x0000000086d00000| Untracked 
|  90|0x0000000086e00000, 0x0000000086e00000, 0x0000000086f00000|  0%| F|  |TAMS 0x0000000086e00000, 0x0000000086e00000| Untracked 
|  91|0x0000000086f00000, 0x0000000086f00000, 0x0000000087000000|  0%| F|  |TAMS 0x0000000086f00000, 0x0000000086f00000| Untracked 
|  92|0x0000000087000000, 0x0000000087000000, 0x0000000087100000|  0%| F|  |TAMS 0x0000000087000000, 0x0000000087000000| Untracked 
|  93|0x0000000087100000, 0x0000000087100000, 0x0000000087200000|  0%| F|  |TAMS 0x0000000087100000, 0x0000000087100000| Untracked 
|  94|0x0000000087200000, 0x0000000087200000, 0x0000000087300000|  0%| F|  |TAMS 0x0000000087200000, 0x0000000087200000| Untracked 
|  95|0x0000000087300000, 0x0000000087300000, 0x0000000087400000|  0%| F|  |TAMS 0x0000000087300000, 0x0000000087300000| Untracked 
|  96|0x0000000087400000, 0x0000000087400000, 0x0000000087500000|  0%| F|  |TAMS 0x0000000087400000, 0x0000000087400000| Untracked 
|  97|0x0000000087500000, 0x0000000087500000, 0x0000000087600000|  0%| F|  |TAMS 0x0000000087500000, 0x0000000087500000| Untracked 
|  98|0x0000000087600000, 0x0000000087600000, 0x0000000087700000|  0%| F|  |TAMS 0x0000000087600000, 0x0000000087600000| Untracked 
|  99|0x0000000087700000, 0x0000000087700000, 0x0000000087800000|  0%| F|  |TAMS 0x0000000087700000, 0x0000000087700000| Untracked 
| 100|0x0000000087800000, 0x00000000878717d0, 0x0000000087900000| 44%| O|  |TAMS 0x0000000087800000, 0x0000000087800000| Untracked 
| 101|0x0000000087900000, 0x0000000087900000, 0x0000000087a00000|  0%| F|  |TAMS 0x0000000087900000, 0x0000000087900000| Untracked 
| 102|0x0000000087a00000, 0x0000000087a00000, 0x0000000087b00000|  0%| F|  |TAMS 0x0000000087a00000, 0x0000000087a00000| Untracked 
| 103|0x0000000087b00000, 0x0000000087b00000, 0x0000000087c00000|  0%| F|  |TAMS 0x0000000087b00000, 0x0000000087b00000| Untracked 
| 104|0x0000000087c00000, 0x0000000087c00000, 0x0000000087d00000|  0%| F|  |TAMS 0x0000000087c00000, 0x0000000087c00000| Untracked 
| 105|0x0000000087d00000, 0x0000000087d00000, 0x0000000087e00000|  0%| F|  |TAMS 0x0000000087d00000, 0x0000000087d00000| Untracked 
| 106|0x0000000087e00000, 0x0000000087e00000, 0x0000000087f00000|  0%| F|  |TAMS 0x0000000087e00000, 0x0000000087e00000| Untracked 
| 107|0x0000000087f00000, 0x0000000087f00000, 0x0000000088000000|  0%| F|  |TAMS 0x0000000087f00000, 0x0000000087f00000| Untracked 
| 108|0x0000000088000000, 0x0000000088000000, 0x0000000088100000|  0%| F|  |TAMS 0x0000000088000000, 0x0000000088000000| Untracked 
| 109|0x0000000088100000, 0x0000000088100000, 0x0000000088200000|  0%| F|  |TAMS 0x0000000088100000, 0x0000000088100000| Untracked 
| 110|0x0000000088200000, 0x0000000088200000, 0x0000000088300000|  0%| F|  |TAMS 0x0000000088200000, 0x0000000088200000| Untracked 
| 111|0x0000000088300000, 0x0000000088300000, 0x0000000088400000|  0%| F|  |TAMS 0x0000000088300000, 0x0000000088300000| Untracked 
| 112|0x0000000088400000, 0x0000000088400000, 0x0000000088500000|  0%| F|  |TAMS 0x0000000088400000, 0x0000000088400000| Untracked 
| 113|0x0000000088500000, 0x0000000088500000, 0x0000000088600000|  0%| F|  |TAMS 0x0000000088500000, 0x0000000088500000| Untracked 
| 114|0x0000000088600000, 0x0000000088600000, 0x0000000088700000|  0%| F|  |TAMS 0x0000000088600000, 0x0000000088600000| Untracked 
| 115|0x0000000088700000, 0x0000000088700000, 0x0000000088800000|  0%| F|  |TAMS 0x0000000088700000, 0x0000000088700000| Untracked 
| 116|0x0000000088800000, 0x0000000088800000, 0x0000000088900000|  0%| F|  |TAMS 0x0000000088800000, 0x0000000088800000| Untracked 
| 117|0x0000000088900000, 0x0000000088900000, 0x0000000088a00000|  0%| F|  |TAMS 0x0000000088900000, 0x0000000088900000| Untracked 
| 118|0x0000000088a00000, 0x0000000088a00000, 0x0000000088b00000|  0%| F|  |TAMS 0x0000000088a00000, 0x0000000088a00000| Untracked 
| 119|0x0000000088b00000, 0x0000000088b00000, 0x0000000088c00000|  0%| F|  |TAMS 0x0000000088b00000, 0x0000000088b00000| Untracked 
| 120|0x0000000088c00000, 0x0000000088c00000, 0x0000000088d00000|  0%| F|  |TAMS 0x0000000088c00000, 0x0000000088c00000| Untracked 
| 121|0x0000000088d00000, 0x0000000088d00000, 0x0000000088e00000|  0%| F|  |TAMS 0x0000000088d00000, 0x0000000088d00000| Untracked 
| 122|0x0000000088e00000, 0x0000000088e00000, 0x0000000088f00000|  0%| F|  |TAMS 0x0000000088e00000, 0x0000000088e00000| Untracked 
| 123|0x0000000088f00000, 0x0000000088fe64d0, 0x0000000089000000| 89%| E|  |TAMS 0x0000000088f00000, 0x0000000088f00000| Complete 
| 124|0x0000000089000000, 0x0000000089100000, 0x0000000089100000|100%| E|CS|TAMS 0x0000000089000000, 0x0000000089000000| Complete 
| 125|0x0000000089100000, 0x0000000089200000, 0x0000000089200000|100%| E|CS|TAMS 0x0000000089100000, 0x0000000089100000| Complete 
| 126|0x0000000089200000, 0x0000000089300000, 0x0000000089300000|100%| E|CS|TAMS 0x0000000089200000, 0x0000000089200000| Complete 
| 127|0x0000000089300000, 0x0000000089400000, 0x0000000089400000|100%| E|CS|TAMS 0x0000000089300000, 0x0000000089300000| Complete 

Card table byte_map: [0x000001a7fa620000,0x000001a7faa20000] _byte_map_base: 0x000001a7fa216000

Marking Bits (Prev, Next): (CMBitMap*) 0x000001a7f60edd40, (CMBitMap*) 0x000001a7f60edd08
 Prev Bits: [0x000001a7fcdd0000, 0x000001a7fed80000)
 Next Bits: [0x000001a7fae20000, 0x000001a7fcdd0000)

Polling page: 0x000001a7f4210000

Metaspace:

Usage:
  Non-class:     19.97 MB capacity,    19.59 MB ( 98%) used,   330.84 KB (  2%) free+waste,    55.38 KB ( <1%) overhead. 
      Class:      2.38 MB capacity,     2.19 MB ( 92%) used,   174.52 KB (  7%) free+waste,    25.25 KB (  1%) overhead. 
       Both:     22.35 MB capacity,    21.78 MB ( 97%) used,   505.35 KB (  2%) free+waste,    80.63 KB ( <1%) overhead. 

Virtual space:
  Non-class space:       22.00 MB reserved,      20.17 MB ( 92%) committed 
      Class space:        1.00 GB reserved,       2.50 MB ( <1%) committed 
             Both:        1.02 GB reserved,      22.67 MB (  2%) committed 

Chunk freelists:
   Non-Class:  79.00 KB
       Class:  22.00 KB
        Both:  101.00 KB

MaxMetaspaceSize: 17179869184.00 GB
CompressedClassSpaceSize: 1.00 GB

CodeHeap 'non-profiled nmethods': size=120000Kb used=1360Kb max_used=1360Kb free=118639Kb
 bounds [0x000001a787ad0000, 0x000001a787d40000, 0x000001a78f000000]
CodeHeap 'profiled nmethods': size=120000Kb used=5605Kb max_used=6161Kb free=114394Kb
 bounds [0x000001a7805a0000, 0x000001a780bb0000, 0x000001a787ad0000]
CodeHeap 'non-nmethods': size=5760Kb used=1173Kb max_used=1244Kb free=4586Kb
 bounds [0x000001a780000000, 0x000001a780270000, 0x000001a7805a0000]
 total_blobs=3103 nmethods=2589 adapters=425
 compilation: enabled
              stopped_count=0, restarted_count=0
 full_count=0

Compilation events (20 events):
Event: 5235.688 Thread 0x000001a7ffaa1000 2949       3       java.net.AbstractPlainSocketImpl::socketPreClose (6 bytes)
Event: 5235.688 Thread 0x000001a7ffaa1000 nmethod 2949 0x000001a780609d10 code [0x000001a780609ec0, 0x000001a78060a088]
Event: 5240.685 Thread 0x000001a7ffaa1000 2950       3       java.net.Socket::isBound (20 bytes)
Event: 5240.685 Thread 0x000001a7ffaa1000 nmethod 2950 0x000001a780615990 code [0x000001a780615b40, 0x000001a780615cd8]
Event: 5240.685 Thread 0x000001a7ffaa1000 2951       3       java.net.Socket::setTcpNoDelay (30 bytes)
Event: 5240.685 Thread 0x000001a7ffaa1000 nmethod 2951 0x000001a78064dd10 code [0x000001a78064df20, 0x000001a78064e558]
Event: 5240.685 Thread 0x000001a7ffaa1000 2952       3       java.net.SocketOutputStream::<init> (44 bytes)
Event: 5240.686 Thread 0x000001a7ffaa1000 nmethod 2952 0x000001a780616790 code [0x000001a780616960, 0x000001a780616de8]
Event: 5240.686 Thread 0x000001a7ffaa1000 2953       3       java.net.SocketInputStream::<init> (37 bytes)
Event: 5240.686 Thread 0x000001a7ffaa1000 nmethod 2953 0x000001a78061c090 code [0x000001a78061c260, 0x000001a78061c608]
Event: 5260.686 Thread 0x000001a7ffaa1000 2954       3       java.net.Inet4Address::getAddress (59 bytes)
Event: 5260.686 Thread 0x000001a7ffaa1000 nmethod 2954 0x000001a780622110 code [0x000001a7806222c0, 0x000001a780622558]
Event: 5300.690 Thread 0x000001a7ffaa1000 2955       3       java.net.Inet4Address::getHostAddress (8 bytes)
Event: 5300.690 Thread 0x000001a7ffaa1000 nmethod 2955 0x000001a780621c90 code [0x000001a780621e60, 0x000001a780621fb8]
Event: 5300.690 Thread 0x000001a7ffaa1000 2956       3       java.net.Inet4Address::numericToTextFormat (66 bytes)
Event: 5300.690 Thread 0x000001a7ffaa1000 nmethod 2956 0x000001a78068c090 code [0x000001a78068c360, 0x000001a78068ce98]
Event: 5300.690 Thread 0x000001a7ffaa1000 2957       3       sun.rmi.transport.tcp.TCPConnection::<init> (57 bytes)
Event: 5300.690 Thread 0x000001a7ffaa1000 nmethod 2957 0x000001a780623110 code [0x000001a7806232e0, 0x000001a780623638]
Event: 5380.694 Thread 0x000001a7ffaa1000 2958       3       java.io.BufferedInputStream::<init> (32 bytes)
Event: 5380.694 Thread 0x000001a7ffaa1000 nmethod 2958 0x000001a780645d10 code [0x000001a780645f00, 0x000001a780646388]

GC Heap History (6 events):
Event: 0.730 GC heap before
{Heap before GC invocations=0 (full 0):
 garbage-first heap   total 131072K, used 23552K [0x0000000081400000, 0x0000000100000000)
  region size 1024K, 24 young (24576K), 0 survivors (0K)
 Metaspace       used 15457K, capacity 15945K, committed 16256K, reserved 1062912K
  class space    used 1625K, capacity 1820K, committed 1920K, reserved 1048576K
}
Event: 0.734 GC heap after
{Heap after GC invocations=1 (full 0):
 garbage-first heap   total 131072K, used 5130K [0x0000000081400000, 0x0000000100000000)
  region size 1024K, 3 young (3072K), 3 survivors (3072K)
 Metaspace       used 15457K, capacity 15945K, committed 16256K, reserved 1062912K
  class space    used 1625K, capacity 1820K, committed 1920K, reserved 1048576K
}
Event: 1.199 GC heap before
{Heap before GC invocations=1 (full 0):
 garbage-first heap   total 131072K, used 16394K [0x0000000081400000, 0x0000000100000000)
  region size 1024K, 15 young (15360K), 3 survivors (3072K)
 Metaspace       used 20616K, capacity 21136K, committed 21296K, reserved 1069056K
  class space    used 2147K, capacity 2322K, committed 2432K, reserved 1048576K
}
Event: 1.203 GC heap after
{Heap after GC invocations=2 (full 0):
 garbage-first heap   total 131072K, used 6925K [0x0000000081400000, 0x0000000100000000)
  region size 1024K, 2 young (2048K), 2 survivors (2048K)
 Metaspace       used 20616K, capacity 21136K, committed 21296K, reserved 1069056K
  class space    used 2147K, capacity 2322K, committed 2432K, reserved 1048576K
}
Event: 3601.205 GC heap before
{Heap before GC invocations=3 (full 0):
 garbage-first heap   total 131072K, used 43789K [0x0000000081400000, 0x0000000100000000)
  region size 1024K, 40 young (40960K), 2 survivors (2048K)
 Metaspace       used 22259K, capacity 22833K, committed 23216K, reserved 1071104K
  class space    used 2242K, capacity 2444K, committed 2560K, reserved 1048576K
}
Event: 3601.238 GC heap after
{Heap after GC invocations=4 (full 1):
 garbage-first heap   total 131072K, used 7243K [0x0000000081400000, 0x0000000100000000)
  region size 1024K, 0 young (0K), 0 survivors (0K)
 Metaspace       used 22255K, capacity 22827K, committed 23216K, reserved 1071104K
  class space    used 2241K, capacity 2442K, committed 2560K, reserved 1048576K
}

Deoptimization events (20 events):
Event: 9.383 Thread 0x000001a7918ea000 Uncommon trap: trap_request=0xffffff4d fr.pc=0x000001a787ba4190 relative=0x0000000000000250
Event: 9.383 Thread 0x000001a7918ea000 Uncommon trap: reason=unstable_if action=reinterpret pc=0x000001a787ba4190 method=com.mysql.cj.protocol.a.NativePacketPayload.readInteger(Lcom/mysql/cj/protocol/a/NativeConstants$IntegerDataType;)J @ 582 c2
Event: 9.383 Thread 0x000001a7918ea000 DEOPT PACKING pc=0x000001a787ba4190 sp=0x00000064a53fb3a0
Event: 9.383 Thread 0x000001a7918ea000 DEOPT UNPACKING pc=0x000001a7800274af sp=0x00000064a53fb330 mode 2
Event: 9.392 Thread 0x000001a7918ea000 DEOPT PACKING pc=0x000001a7809c687b sp=0x00000064a53fb020
Event: 9.392 Thread 0x000001a7918ea000 DEOPT UNPACKING pc=0x000001a7800272ce sp=0x00000064a53fa478 mode 0
Event: 9.443 Thread 0x000001a7918ea000 DEOPT PACKING pc=0x000001a780916e32 sp=0x00000064a53fb520
Event: 9.443 Thread 0x000001a7918ea000 DEOPT UNPACKING pc=0x000001a7800272ce sp=0x00000064a53fa938 mode 0
Event: 412.564 Thread 0x000001a7918eb800 Uncommon trap: trap_request=0xffffff4d fr.pc=0x000001a787b31e44 relative=0x00000000000000a4
Event: 412.564 Thread 0x000001a7918eb800 Uncommon trap: reason=unstable_if action=reinterpret pc=0x000001a787b31e44 method=java.lang.CharacterDataLatin1.digit(II)I @ 12 c2
Event: 412.564 Thread 0x000001a7918eb800 DEOPT PACKING pc=0x000001a787b31e44 sp=0x00000064a31faba0
Event: 412.564 Thread 0x000001a7918eb800 DEOPT UNPACKING pc=0x000001a7800274af sp=0x00000064a31fab18 mode 2
Event: 412.582 Thread 0x000001a7918eb800 DEOPT PACKING pc=0x000001a780893d5a sp=0x00000064a31f9ee0
Event: 412.582 Thread 0x000001a7918eb800 DEOPT UNPACKING pc=0x000001a7800272ce sp=0x00000064a31f9368 mode 0
Event: 412.584 Thread 0x000001a7918eb800 DEOPT PACKING pc=0x000001a7809486b8 sp=0x00000064a31f99a0
Event: 412.584 Thread 0x000001a7918eb800 DEOPT UNPACKING pc=0x000001a7800272ce sp=0x00000064a31f8e80 mode 0
Event: 412.653 Thread 0x000001a7918eb800 DEOPT PACKING pc=0x000001a7809486b8 sp=0x00000064a31fa1e0
Event: 412.653 Thread 0x000001a7918eb800 DEOPT UNPACKING pc=0x000001a7800272ce sp=0x00000064a31f96c0 mode 0
Event: 412.771 Thread 0x000001a7918eb800 DEOPT PACKING pc=0x000001a780734684 sp=0x00000064a31fadd0
Event: 412.771 Thread 0x000001a7918eb800 DEOPT UNPACKING pc=0x000001a7800272ce sp=0x00000064a31fa288 mode 0

Classes redefined (0 events):
No events

Internal exceptions (20 events):
Event: 0.500 Thread 0x000001a791c21000 Exception <a 'java/lang/NoSuchMethodError'{0x0000000088883468}: 'java.lang.Object java.lang.invoke.DirectMethodHandle$Holder.invokeStatic(java.lang.Object, java.lang.Object, int, java.lang.Object, long)'> (0x0000000088883468) thrown at [./src/hotspot/share/interpreter/linkResolver.cpp, line 773]
Event: 0.559 Thread 0x000001a791a9f800 Exception <a 'java/lang/NoSuchMethodError'{0x0000000088693a28}: 'int java.lang.invoke.DirectMethodHandle$Holder.invokeSpecialIFC(java.lang.Object, java.lang.Object, int)'> (0x0000000088693a28) thrown at [./src/hotspot/share/interpreter/linkResolver.cpp, line 773]
Event: 0.588 Thread 0x000001a791a9f800 Exception <a 'java/lang/NoSuchMethodError'{0x00000000885a00f0}: 'java.lang.Object java.lang.invoke.DirectMethodHandle$Holder.invokeVirtual(java.lang.Object, java.lang.Object, java.lang.Object)'> (0x00000000885a00f0) thrown at [./src/hotspot/share/interpreter/linkResolver.cpp, line 773]
Event: 0.650 Thread 0x000001a791a9f800 Exception <a 'java/lang/NoSuchMethodError'{0x000000008800fad0}: 'void java.lang.invoke.DirectMethodHandle$Holder.invokeStaticInit(java.lang.Object, java.lang.Object)'> (0x000000008800fad0) thrown at [./src/hotspot/share/interpreter/linkResolver.cpp, line 773]
Event: 0.706 Thread 0x000001a791a9f800 Exception <a 'sun/nio/fs/WindowsException'{0x0000000087d9f760}> (0x0000000087d9f760) thrown at [./src/hotspot/share/prims/jni.cpp, line 615]
Event: 0.712 Thread 0x000001a791a9f800 Exception <a 'java/lang/NoSuchMethodError'{0x0000000087dc0c08}: 'int java.lang.invoke.DirectMethodHandle$Holder.invokeStaticInit(java.lang.Object, java.lang.Object, java.lang.Object, java.lang.Object)'> (0x0000000087dc0c08) thrown at [./src/hotspot/share/interpreter/linkResolver.cpp, line 773]
Event: 0.713 Thread 0x000001a791a9f800 Exception <a 'java/lang/IncompatibleClassChangeError'{0x0000000087dc9e00}: Found class java.lang.Object, but interface was expected> (0x0000000087dc9e00) thrown at [./src/hotspot/share/interpreter/linkResolver.cpp, line 839]
Event: 0.713 Thread 0x000001a791a9f800 Exception <a 'java/lang/NoSuchMethodError'{0x0000000087dcf480}: 'int java.lang.invoke.DirectMethodHandle$Holder.invokeStaticInit(java.lang.Object, java.lang.Object)'> (0x0000000087dcf480) thrown at [./src/hotspot/share/interpreter/linkResolver.cpp, line 773]
Event: 1.029 Thread 0x000001a791a9f800 Implicit null exception at 0x000001a787afa297 to 0x000001a787afac38
Event: 1.029 Thread 0x000001a791a9f800 Implicit null exception at 0x000001a787b56894 to 0x000001a787b57224
Event: 1.197 Thread 0x000001a791a9f800 Exception <a 'java/lang/NoSuchMethodError'{0x000000008888e908}: <clinit>> (0x000000008888e908) thrown at [./src/hotspot/share/prims/jni.cpp, line 1362]
Event: 1.208 Thread 0x000001a791a9f800 Exception <a 'java/lang/NoSuchMethodError'{0x0000000089320708}: <clinit>> (0x0000000089320708) thrown at [./src/hotspot/share/prims/jni.cpp, line 1362]
Event: 9.082 Thread 0x000001a791a9f800 Exception <a 'java/lang/NoSuchMethodError'{0x0000000088d35b80}: <clinit>> (0x0000000088d35b80) thrown at [./src/hotspot/share/prims/jni.cpp, line 1362]
Event: 9.083 Thread 0x000001a791a9f800 Exception <a 'java/lang/NoSuchMethodError'{0x0000000088d42448}: <clinit>> (0x0000000088d42448) thrown at [./src/hotspot/share/prims/jni.cpp, line 1362]
Event: 9.142 Thread 0x000001a791a9f800 Exception <a 'java/lang/NoSuchMethodError'{0x0000000088c5df98}: <clinit>> (0x0000000088c5df98) thrown at [./src/hotspot/share/prims/jni.cpp, line 1362]
Event: 9.142 Thread 0x000001a791a9f800 Exception <a 'java/lang/NoSuchMethodError'{0x0000000088c690c8}: <clinit>> (0x0000000088c690c8) thrown at [./src/hotspot/share/prims/jni.cpp, line 1362]
Event: 9.143 Thread 0x000001a791a9f800 Exception <a 'java/lang/NoSuchMethodError'{0x0000000088c73ed0}: <clinit>> (0x0000000088c73ed0) thrown at [./src/hotspot/share/prims/jni.cpp, line 1362]
Event: 9.162 Thread 0x000001a791a9f800 Exception <a 'java/lang/NoSuchMethodError'{0x0000000088cdc378}: <clinit>> (0x0000000088cdc378) thrown at [./src/hotspot/share/prims/jni.cpp, line 1362]
Event: 9.476 Thread 0x000001a7918ea000 Exception <a 'java/net/SocketException'{0x00000000880fda60}: Software caused connection abort: socket write error> (0x00000000880fda60) thrown at [./src/hotspot/share/prims/jni.cpp, line 636]
Event: 412.790 Thread 0x000001a7918eb800 Exception <a 'java/net/SocketException'{0x000000008728e150}: Software caused connection abort: socket write error> (0x000000008728e150) thrown at [./src/hotspot/share/prims/jni.cpp, line 636]

Events (20 events):
Event: 5355.693 Executing VM operation: RevokeBias
Event: 5355.693 Executing VM operation: RevokeBias done
Event: 5355.693 Executing VM operation: RevokeBias
Event: 5355.693 Executing VM operation: RevokeBias done
Event: 5355.693 Executing VM operation: RevokeBias
Event: 5355.693 Executing VM operation: RevokeBias done
Event: 5375.695 Executing VM operation: RevokeBias
Event: 5375.695 Executing VM operation: RevokeBias done
Event: 5375.695 Executing VM operation: RevokeBias
Event: 5375.695 Executing VM operation: RevokeBias done
Event: 5375.695 Executing VM operation: RevokeBias
Event: 5375.696 Executing VM operation: RevokeBias done
Event: 5375.696 Executing VM operation: RevokeBias
Event: 5375.696 Executing VM operation: RevokeBias done
Event: 5400.522 Executing VM operation: RevokeBias
Event: 5400.522 Executing VM operation: RevokeBias done
Event: 5400.522 Executing VM operation: RevokeBias
Event: 5400.522 Executing VM operation: RevokeBias done
Event: 5400.523 Executing VM operation: RevokeBias
Event: 5400.523 Executing VM operation: RevokeBias done


Dynamic libraries:
0x00007ff622e80000 - 0x00007ff622e8a000 	D:\IntelliJ IDEA 2020.3.2\jbr\bin\java.exe
0x00007ffd5bf80000 - 0x00007ffd5c170000 	C:\Windows\SYSTEM32\ntdll.dll
0x00007ffd5a180000 - 0x00007ffd5a232000 	C:\Windows\System32\KERNEL32.DLL
0x00007ffd598d0000 - 0x00007ffd59b75000 	C:\Windows\System32\KERNELBASE.dll
0x00007ffd59050000 - 0x00007ffd5914a000 	C:\Windows\System32\ucrtbase.dll
0x00007ffd24920000 - 0x00007ffd24937000 	D:\IntelliJ IDEA 2020.3.2\jbr\bin\VCRUNTIME140.dll
0x00007ffd29490000 - 0x00007ffd294a9000 	D:\IntelliJ IDEA 2020.3.2\jbr\bin\jli.dll
0x00007ffd5a590000 - 0x00007ffd5a724000 	C:\Windows\System32\USER32.dll
0x00007ffd59f60000 - 0x00007ffd59f81000 	C:\Windows\System32\win32u.dll
0x00007ffd5a390000 - 0x00007ffd5a3b6000 	C:\Windows\System32\GDI32.dll
0x00007ffd58320000 - 0x00007ffd585a4000 	C:\Windows\WinSxS\amd64_microsoft.windows.common-controls_6595b64144ccf1df_6.0.18362.1556_none_9e7e372fe45e41d5\COMCTL32.dll
0x00007ffd59b80000 - 0x00007ffd59d18000 	C:\Windows\System32\gdi32full.dll
0x00007ffd5a240000 - 0x00007ffd5a2de000 	C:\Windows\System32\msvcrt.dll
0x00007ffd59f90000 - 0x00007ffd5a02e000 	C:\Windows\System32\msvcp_win.dll
0x00007ffd5b3c0000 - 0x00007ffd5b6f6000 	C:\Windows\System32\combase.dll
0x00007ffd5a030000 - 0x00007ffd5a14f000 	C:\Windows\System32\RPCRT4.dll
0x00007ffd59d50000 - 0x00007ffd59dd1000 	C:\Windows\System32\bcryptPrimitives.dll
0x00007ffd5a150000 - 0x00007ffd5a17e000 	C:\Windows\System32\IMM32.DLL
0x00007ffd117e0000 - 0x00007ffd1187d000 	D:\IntelliJ IDEA 2020.3.2\jbr\bin\msvcp140.dll
0x00007ffcec250000 - 0x00007ffcecd1e000 	D:\IntelliJ IDEA 2020.3.2\jbr\bin\server\jvm.dll
0x00007ffd5aa70000 - 0x00007ffd5ab13000 	C:\Windows\System32\ADVAPI32.dll
0x00007ffd5a8a0000 - 0x00007ffd5a937000 	C:\Windows\System32\sechost.dll
0x00007ffd5a570000 - 0x00007ffd5a578000 	C:\Windows\System32\PSAPI.DLL
0x00007ffd3e590000 - 0x00007ffd3e599000 	C:\Windows\SYSTEM32\WSOCK32.dll
0x00007ffd54b10000 - 0x00007ffd54b34000 	C:\Windows\SYSTEM32\WINMM.dll
0x00007ffd5b350000 - 0x00007ffd5b3bf000 	C:\Windows\System32\WS2_32.dll
0x00007ffd53a80000 - 0x00007ffd53a8a000 	C:\Windows\SYSTEM32\VERSION.dll
0x00007ffd54ae0000 - 0x00007ffd54b0d000 	C:\Windows\SYSTEM32\WINMMBASE.dll
0x00007ffd59000000 - 0x00007ffd5904a000 	C:\Windows\System32\cfgmgr32.dll
0x00007ffd58e40000 - 0x00007ffd58e51000 	C:\Windows\System32\kernel.appcore.dll
0x00007ffd550d0000 - 0x00007ffd550e1000 	D:\IntelliJ IDEA 2020.3.2\jbr\bin\verify.dll
0x00007ffd58880000 - 0x00007ffd58a74000 	C:\Windows\SYSTEM32\DBGHELP.DLL
0x00007ffd586a0000 - 0x00007ffd586ca000 	C:\Windows\SYSTEM32\dbgcore.DLL
0x00007ffd415e0000 - 0x00007ffd41609000 	D:\IntelliJ IDEA 2020.3.2\jbr\bin\java.dll
0x00007ffd44ba0000 - 0x00007ffd44bab000 	D:\IntelliJ IDEA 2020.3.2\jbr\bin\jimage.dll
0x00007ffd42400000 - 0x00007ffd42418000 	D:\IntelliJ IDEA 2020.3.2\jbr\bin\zip.dll
0x00007ffd5b850000 - 0x00007ffd5bf37000 	C:\Windows\System32\SHELL32.dll
0x00007ffd5b7a0000 - 0x00007ffd5b848000 	C:\Windows\System32\shcore.dll
0x00007ffd59150000 - 0x00007ffd598cb000 	C:\Windows\System32\windows.storage.dll
0x00007ffd58ed0000 - 0x00007ffd58eee000 	C:\Windows\System32\profapi.dll
0x00007ffd58e60000 - 0x00007ffd58eaa000 	C:\Windows\System32\powrprof.dll
0x00007ffd58e30000 - 0x00007ffd58e40000 	C:\Windows\System32\UMPDC.dll
0x00007ffd5b2f0000 - 0x00007ffd5b342000 	C:\Windows\System32\shlwapi.dll
0x00007ffd59f40000 - 0x00007ffd59f57000 	C:\Windows\System32\cryptsp.dll
0x00007ffd3d640000 - 0x00007ffd3d65a000 	D:\IntelliJ IDEA 2020.3.2\jbr\bin\net.dll
0x00007ffd487a0000 - 0x00007ffd4889a000 	C:\Windows\SYSTEM32\WINHTTP.dll
0x00007ffd57fc0000 - 0x00007ffd58027000 	C:\Windows\system32\mswsock.dll
0x00007ffd3c2f0000 - 0x00007ffd3c304000 	D:\IntelliJ IDEA 2020.3.2\jbr\bin\nio.dll
0x00007ffd57b70000 - 0x00007ffd57ba3000 	C:\Windows\system32\rsaenh.dll
0x00007ffd59d20000 - 0x00007ffd59d46000 	C:\Windows\System32\bcrypt.dll
0x00007ffd58d20000 - 0x00007ffd58d45000 	C:\Windows\SYSTEM32\USERENV.dll
0x00007ffd581e0000 - 0x00007ffd581ec000 	C:\Windows\SYSTEM32\CRYPTBASE.dll
0x00007ffd57d00000 - 0x00007ffd57d3a000 	C:\Windows\SYSTEM32\IPHLPAPI.DLL
0x00007ffd5a580000 - 0x00007ffd5a588000 	C:\Windows\System32\NSI.dll
0x00007ffd51c60000 - 0x00007ffd51c76000 	C:\Windows\SYSTEM32\dhcpcsvc6.DLL
0x00007ffd51c00000 - 0x00007ffd51c1c000 	C:\Windows\SYSTEM32\dhcpcsvc.DLL
0x00007ffd57d40000 - 0x00007ffd57e0b000 	C:\Windows\SYSTEM32\DNSAPI.dll
0x00007ffd43980000 - 0x00007ffd43988000 	D:\IntelliJ IDEA 2020.3.2\jbr\bin\rmi.dll
0x0000000065fd0000 - 0x0000000065ff6000 	C:\Program Files\Bonjour\mdnsNSP.dll
0x00007ffd481f0000 - 0x00007ffd481fa000 	C:\Windows\System32\rasadhlp.dll
0x00007ffd50f10000 - 0x00007ffd50f87000 	C:\Windows\System32\fwpuclnt.dll
0x00007ffd30890000 - 0x00007ffd308b8000 	D:\IntelliJ IDEA 2020.3.2\jbr\bin\sunec.dll

dbghelp: loaded successfully - version: 4.0.5 - missing functions: none
symbol engine: initialized successfully - sym options: 0x614 - pdb path: .;D:\IntelliJ IDEA 2020.3.2\jbr\bin;C:\Windows\SYSTEM32;C:\Windows\WinSxS\amd64_microsoft.windows.common-controls_6595b64144ccf1df_6.0.18362.1556_none_9e7e372fe45e41d5;D:\IntelliJ IDEA 2020.3.2\jbr\bin\server;C:\Program Files\Bonjour

VM Arguments:
jvm_args: -Djava.rmi.server.hostname=127.0.0.1 -Duser.timezone=UTC -Xmx2027m -Xms128m -Dfile.encoding=UTF-8 
java_command: com.intellij.database.remote.RemoteJdbcServer com.mysql.cj.jdbc.Driver
java_class_path (initial): D:\IntelliJ IDEA 2020.3.2\lib\util.jar;D:\IntelliJ IDEA 2020.3.2\lib\trove4j.jar;D:\IntelliJ IDEA 2020.3.2\lib\groovy-2.5.11.jar;D:\IntelliJ IDEA 2020.3.2\plugins\DatabaseTools\lib\jdbc-console.jar;D:\Users\Admin\JetBrains\IntelliJIdea2020.3\jdbc-drivers\MySQL ConnectorJ\8.0.25\mysql\mysql-connector-java\8.0.25\mysql-connector-java-8.0.25.jar;D:\Users\Admin\JetBrains\IntelliJIdea2020.3\jdbc-drivers\MySQL ConnectorJ\8.0.25\com\google\protobuf\protobuf-java\3.11.4\protobuf-java-3.11.4.jar
Launcher Type: SUN_STANDARD

[Global flags]
     intx CICompilerCount                          = 4                                         {product} {ergonomic}
     uint ConcGCThreads                            = 3                                         {product} {ergonomic}
     uint G1ConcRefinementThreads                  = 10                                        {product} {ergonomic}
   size_t G1HeapRegionSize                         = 1048576                                   {product} {ergonomic}
    uintx GCDrainStackTargetSize                   = 64                                        {product} {ergonomic}
   size_t InitialHeapSize                          = 134217728                                 {product} {command line}
   size_t MarkStackSize                            = 4194304                                   {product} {ergonomic}
   size_t MaxHeapSize                              = 2126512128                                {product} {command line, ergonomic}
   size_t MaxNewSize                               = 1275068416                                {product} {ergonomic}
   size_t MinHeapDeltaBytes                        = 1048576                                   {product} {ergonomic}
    uintx NonNMethodCodeHeapSize                   = 5836300                                {pd product} {ergonomic}
    uintx NonProfiledCodeHeapSize                  = 122910970                              {pd product} {ergonomic}
    uintx ProfiledCodeHeapSize                     = 122910970                              {pd product} {ergonomic}
    uintx ReservedCodeCacheSize                    = 251658240                              {pd product} {ergonomic}
     bool SegmentedCodeCache                       = true                                      {product} {ergonomic}
     bool UseCompressedClassPointers               = true                                 {lp64_product} {ergonomic}
     bool UseCompressedOops                        = true                                 {lp64_product} {ergonomic}
     bool UseG1GC                                  = true                                      {product} {ergonomic}
     bool UseLargePagesIndividualAllocation        = false                                  {pd product} {ergonomic}

Logging:
Log output configuration:
 #0: stdout all=warning uptime,level,tags
 #1: stderr all=off uptime,level,tags

Environment Variables:
JAVA_HOME=C:\Program Files\Java\jdk1.8.0_181
CLASSPATH=.;C:\Program Files\Java\jdk1.8.0_181\lib\dt.jar;C:\Program Files\Java\jdk1.8.0_181\lib\tools.jar;D:\BookUI_I\src\Work
PATH=C:\Program Files (x86)\Razer Chroma SDK\bin;C:\Program Files\Razer Chroma SDK\bin;C:\Program Files (x86)\Razer\ChromaBroadcast\bin;C:\Program Files\Razer\ChromaBroadcast\bin;C:\Windows\system32;C:\Windows;C:\Windows\System32\Wbem;C:\Windows\System32\WindowsPowerShell\v1.0\;C:\Program Files\Java\jdk1.8.0_181\bin;D:\my_java\apache-maven-3.6.3\bin;C:\Program Files\Git\cmd;C:\Program Files\TortoiseGit\bin;C:\Program Files\NVIDIA Corporation\NVIDIA NvDLISR;C:\Program Files\VanDyke Software\Clients\;C:\Program Files\Java\jdk1.8.0_181\bin;C:\Program Files\Java\jdk1.8.0_181\jre\bin;D:\tomcat\apache-tomcat-8.5.69\bin;C:\Windows\system32\config\systemprofile\AppData\Local\Microsoft\WindowsApps;C:\Android;C:\Windows\System32\OpenSSH\;C:\Windows\System32\OpenSSH;C:\Program Files\dotnet\;C:\Program Files (x86)\NVIDIA Corporation\PhysX\Common;D:\nodejs\;C:\Program Files\Microsoft SQL Server\Client SDK\ODBC\170\Tools\Binn\;C:\Program Files (x86)\Microsoft SQL Server\150\Tools\Binn\;C:\Program Files\Microsoft SQL Server\150\Tools\Binn\;C:\Program Files\Microsoft SQL Server\150\DTS\Binn\;C:\Program Files (x86)\Microsoft SQL Server\150\DTS\Binn\;C:\Program Files\Azure Data Studio\bin;D:\;D:\X\Î¢ÐÅweb¿ª·¢Õß¹¤¾ß\dll;C:\Users\ÉñÖÛ±Ê¼Ç±¾\AppData\Local\Programs\Python\Python310\Scripts\;C:\Users\ÉñÖÛ±Ê¼Ç±¾\AppData\Local\Programs\Python\Python310\;C:\Users\ÉñÖÛ±Ê¼Ç±¾\AppData\Local\Microsoft\WindowsApps;;C:\Users\ÉñÖÛ±Ê¼Ç±¾\AppData\Local\Programs\Microsoft VS Code\bin;C:\Users\ÉñÖÛ±Ê¼Ç±¾\AppData\Roaming\npm;C:\Program Files\JetBrains\PyCharm Community Edition 2021.3.1\bin;;C:\Users\ÉñÖÛ±Ê¼Ç±¾\.dotnet\tools;D:\CLion 2021.3.3\bin;;D:\WebStorm 2022.1.3\bin;;D:\Users\Admin\npm;C:\Program Files\Azure Data Studio\bin;C:\Program Files\Azure Data Studio\bin
USERNAME=ÉñÖÛ±Ê¼Ç±¾
OS=Windows_NT
PROCESSOR_IDENTIFIER=Intel64 Family 6 Model 165 Stepping 3, GenuineIntel



---------------  S Y S T E M  ---------------

OS: Windows 10 , 64 bit Build 18362 (10.0.18362.1500)
OS uptime: 0 days 23:36 hours

CPU:total 12 (initial active 12) (6 cores per cpu, 2 threads per core) family 6 model 165 stepping 3, cmov, cx8, fxsr, mmx, sse, sse2, sse3, ssse3, sse4.1, sse4.2, popcnt, avx, avx2, aes, clmul, erms, 3dnowpref, lzcnt, ht, tsc, tscinvbit, bmi1, bmi2, adx, fma

Memory: 4k page, system-wide physical 16218M (6124M free)
TotalPageFile size 29018M (AvailPageFile size 10465M)
current process WorkingSet (physical memory assigned to process): 75M, peak: 184M
current process commit charge ("private bytes"): 238M, peak: 312M

vm_info: OpenJDK 64-Bit Server VM (11.0.9.1+11-b1145.77) for windows-amd64 JRE (11.0.9.1+11-b1145.77), built on Jan 16 2021 05:14:13 by "" with MS VC++ 14.0 (VS2015)

END.
